TMessagesProj/build/outputs/logs/manifest-merger-debug-report.txt
-- Merging decision tree log ---
manifest
ADDED from src\main\AndroidManifest.xml:2:1-260:12
	package
		ADDED from src\main\AndroidManifest.xml:4:5-37
	android:versionName
		INJECTED from src\main\AndroidManifest.xml
		ADDED from src\main\AndroidManifest.xml:2:1-260:12
		INJECTED from config\debug\AndroidManifest.xml
	xmlns:tools
		ADDED from src\main\AndroidManifest.xml:3:5-51
		ADDED from src\main\AndroidManifest.xml:3:5-51
	xmlns:android
		ADDED from src\main\AndroidManifest.xml:2:11-69
	android:versionCode
		INJECTED from src\main\AndroidManifest.xml
		ADDED from src\main\AndroidManifest.xml:2:1-260:12
		INJECTED from config\debug\AndroidManifest.xml
	android:installLocation
		ADDED from src\main\AndroidManifest.xml:5:5-35
supports-screens
ADDED from src\main\AndroidManifest.xml:7:5-13:40
	android:largeScreens
		ADDED from src\main\AndroidManifest.xml:9:9-36
	android:smallScreens
		ADDED from src\main\AndroidManifest.xml:12:9-36
	android:normalScreens
		ADDED from src\main\AndroidManifest.xml:10:9-37
	android:xlargeScreens
		ADDED from src\main\AndroidManifest.xml:13:9-37
	android:resizeable
		ADDED from src\main\AndroidManifest.xml:11:9-34
	android:anyDensity
		ADDED from src\main\AndroidManifest.xml:8:9-34
uses-feature#0x00020000
ADDED from src\main\AndroidManifest.xml:15:5-17:36
	android:glEsVersion
		ADDED from src\main\AndroidManifest.xml:16:9-41
	android:required
		ADDED from src\main\AndroidManifest.xml:17:9-33
uses-feature#android.hardware.telephony
ADDED from src\main\AndroidManifest.xml:18:5-20:36
	android:required
		ADDED from src\main\AndroidManifest.xml:20:9-33
	android:name
		ADDED from src\main\AndroidManifest.xml:19:9-50
uses-feature#android.hardware.camera.autofocus
ADDED from src\main\AndroidManifest.xml:21:5-23:36
	android:required
		ADDED from src\main\AndroidManifest.xml:23:9-33
	android:name
		ADDED from src\main\AndroidManifest.xml:22:9-57
uses-feature#android.hardware.camera
ADDED from src\main\AndroidManifest.xml:24:5-26:36
	android:required
		ADDED from src\main\AndroidManifest.xml:26:9-33
	android:name
		ADDED from src\main\AndroidManifest.xml:25:9-47
uses-feature#android.hardware.wifi
ADDED from src\main\AndroidManifest.xml:27:5-29:36
	android:required
		ADDED from src\main\AndroidManifest.xml:29:9-33
	android:name
		ADDED from src\main\AndroidManifest.xml:28:9-45
uses-feature#android.hardware.screen.PORTRAIT
ADDED from src\main\AndroidManifest.xml:30:5-32:36
	android:required
		ADDED from src\main\AndroidManifest.xml:32:9-33
	android:name
		ADDED from src\main\AndroidManifest.xml:31:9-56
uses-feature#android.hardware.microphone
ADDED from src\main\AndroidManifest.xml:33:5-35:36
	android:required
		ADDED from src\main\AndroidManifest.xml:35:9-33
	android:name
		ADDED from src\main\AndroidManifest.xml:34:9-51
uses-permission#android.permission.INTERNET
ADDED from src\main\AndroidManifest.xml:37:5-67
	android:name
		ADDED from src\main\AndroidManifest.xml:37:22-64
uses-permission#android.permission.RECORD_AUDIO
ADDED from src\main\AndroidManifest.xml:38:5-71
	android:name
		ADDED from src\main\AndroidManifest.xml:38:22-68
uses-permission#android.permission.ACCESS_NETWORK_STATE
ADDED from src\main\AndroidManifest.xml:39:5-79
	android:name
		ADDED from src\main\AndroidManifest.xml:39:22-76
uses-permission#android.permission.ACCESS_WIFI_STATE
ADDED from src\main\AndroidManifest.xml:40:5-76
	android:name
		ADDED from src\main\AndroidManifest.xml:40:22-73
uses-permission#android.permission.RECEIVE_SMS
ADDED from src\main\AndroidManifest.xml:41:5-70
	android:name
		ADDED from src\main\AndroidManifest.xml:41:22-67
uses-permission#android.permission.WAKE_LOCK
ADDED from src\main\AndroidManifest.xml:42:5-68
	android:name
		ADDED from src\main\AndroidManifest.xml:42:22-65
uses-permission#android.permission.WRITE_EXTERNAL_STORAGE
ADDED from src\main\AndroidManifest.xml:43:5-81
	android:name
		ADDED from src\main\AndroidManifest.xml:43:22-78
uses-permission#android.permission.READ_EXTERNAL_STORAGE
ADDED from src\main\AndroidManifest.xml:44:5-80
	android:name
		ADDED from src\main\AndroidManifest.xml:44:22-77
uses-permission#android.permission.CAMERA
ADDED from src\main\AndroidManifest.xml:45:5-65
	android:name
		ADDED from src\main\AndroidManifest.xml:45:22-62
uses-permission#android.permission.GET_ACCOUNTS
ADDED from src\main\AndroidManifest.xml:46:5-71
	android:name
		ADDED from src\main\AndroidManifest.xml:46:22-68
uses-permission#android.permission.READ_CONTACTS
ADDED from src\main\AndroidManifest.xml:47:5-72
	android:name
		ADDED from src\main\AndroidManifest.xml:47:22-69
uses-permission#android.permission.WRITE_CONTACTS
ADDED from src\main\AndroidManifest.xml:48:5-73
	android:name
		ADDED from src\main\AndroidManifest.xml:48:22-70
uses-permission#android.permission.MANAGE_ACCOUNTS
ADDED from src\main\AndroidManifest.xml:49:5-74
	android:name
		ADDED from src\main\AndroidManifest.xml:49:22-71
uses-permission#android.permission.READ_PROFILE
ADDED from src\main\AndroidManifest.xml:50:5-71
	android:name
		ADDED from src\main\AndroidManifest.xml:50:22-68
uses-permission#android.permission.WRITE_SYNC_SETTINGS
ADDED from src\main\AndroidManifest.xml:51:5-78
	android:name
		ADDED from src\main\AndroidManifest.xml:51:22-75
uses-permission#android.permission.READ_SYNC_SETTINGS
ADDED from src\main\AndroidManifest.xml:52:5-77
	android:name
		ADDED from src\main\AndroidManifest.xml:52:22-74
uses-permission#android.permission.AUTHENTICATE_ACCOUNTS
ADDED from src\main\AndroidManifest.xml:53:5-80
	android:name
		ADDED from src\main\AndroidManifest.xml:53:22-77
uses-permission#android.permission.VIBRATE
ADDED from src\main\AndroidManifest.xml:54:5-66
MERGED from [com.txusballesteros:bubbles:1.2.1] AndroidManifest.xml:35:5-66
	android:name
		ADDED from src\main\AndroidManifest.xml:54:22-63
uses-permission#android.permission.SYSTEM_ALERT_WINDOW
ADDED from src\main\AndroidManifest.xml:55:5-78
MERGED from [com.txusballesteros:bubbles:1.2.1] AndroidManifest.xml:36:5-78
	android:name
		ADDED from src\main\AndroidManifest.xml:55:22-75
uses-permission#android.permission.READ_PHONE_STATE
ADDED from src\main\AndroidManifest.xml:56:5-75
	android:name
		ADDED from src\main\AndroidManifest.xml:56:22-72
uses-permission#android.permission.RECEIVE_BOOT_COMPLETED
ADDED from src\main\AndroidManifest.xml:57:5-81
	android:name
		ADDED from src\main\AndroidManifest.xml:57:22-78
uses-sdk
ADDED from src\main\AndroidManifest.xml:58:5-68
MERGED from [com.android.support:support-v4:23.0.0] AndroidManifest.xml:20:5-43
MERGED from [com.google.android.gms:play-services:3.2.65] AndroidManifest.xml:7:5-42
MERGED from [com.android.support:support-v4:23.0.0] AndroidManifest.xml:20:5-43
MERGED from [com.android.support:appcompat-v7:23.0.0] AndroidManifest.xml:20:5-43
MERGED from [com.android.support:support-v4:23.0.0] AndroidManifest.xml:20:5-43
MERGED from [com.android.support:appcompat-v7:23.0.0] AndroidManifest.xml:20:5-43
MERGED from [com.android.support:support-v4:23.0.0] AndroidManifest.xml:20:5-43
MERGED from [com.android.support:appcompat-v7:23.0.0] AndroidManifest.xml:20:5-43
MERGED from [com.android.support:support-v4:23.0.0] AndroidManifest.xml:20:5-43
MERGED from [com.txusballesteros:bubbles:1.2.1] AndroidManifest.xml:31:5-33:41
	tools:overrideLibrary
		ADDED from src\main\AndroidManifest.xml:58:15-66
	android:targetSdkVersion
		INJECTED from src\main\AndroidManifest.xml
		INJECTED from config\debug\AndroidManifest.xml
	android:minSdkVersion
		INJECTED from src\main\AndroidManifest.xml
		INJECTED from config\debug\AndroidManifest.xml
application
ADDED from src\main\AndroidManifest.xml:60:5-258:19
MERGED from src\main\AndroidManifest.xml:60:5-258:19
MERGED from [com.android.support:support-v4:23.0.0] AndroidManifest.xml:22:5-20
MERGED from [com.android.support:support-v4:23.0.0] AndroidManifest.xml:22:5-20
MERGED from [com.android.support:appcompat-v7:23.0.0] AndroidManifest.xml:22:5-20
MERGED from [com.android.support:support-v4:23.0.0] AndroidManifest.xml:22:5-20
MERGED from [com.android.support:appcompat-v7:23.0.0] AndroidManifest.xml:22:5-20
MERGED from [com.android.support:support-v4:23.0.0] AndroidManifest.xml:22:5-20
MERGED from [com.android.support:appcompat-v7:23.0.0] AndroidManifest.xml:22:5-20
MERGED from [com.android.support:support-v4:23.0.0] AndroidManifest.xml:22:5-20
MERGED from [com.txusballesteros:bubbles:1.2.1] AndroidManifest.xml:38:5-43:19
	android:label
		ADDED from src\main\AndroidManifest.xml:65:9-40
	android:hardwareAccelerated
		ADDED from src\main\AndroidManifest.xml:63:9-68
	android:allowBackup
		ADDED from src\main\AndroidManifest.xml:62:9-36
	android:icon
		ADDED from src\main\AndroidManifest.xml:64:9-43
	android:largeHeap
		ADDED from src\main\AndroidManifest.xml:66:9-33
	android:theme
		ADDED from src\main\AndroidManifest.xml:68:9-53
	tools:replace
		ADDED from src\main\AndroidManifest.xml:67:9-37
		ADDED from src\main\AndroidManifest.xml:67:9-37
	android:name
		ADDED from src\main\AndroidManifest.xml:61:9-42
activity#org.telegram.ui.SplashScreen
ADDED from src\main\AndroidManifest.xml:69:9-75:20
	android:theme
		ADDED from src\main\AndroidManifest.xml:70:13-69
	android:name
		ADDED from src\main\AndroidManifest.xml:69:19-62
intent-filter#android.intent.action.MAIN+android.intent.category.LAUNCHER
ADDED from src\main\AndroidManifest.xml:71:13-74:29
action#android.intent.action.MAIN
ADDED from src\main\AndroidManifest.xml:72:17-69
	android:name
		ADDED from src\main\AndroidManifest.xml:72:25-66
category#android.intent.category.LAUNCHER
ADDED from src\main\AndroidManifest.xml:73:17-77
	android:name
		ADDED from src\main\AndroidManifest.xml:73:27-74
activity#org.telegram.ui.LaunchActivity
ADDED from src\main\AndroidManifest.xml:76:9-140:20
	android:hardwareAccelerated
		ADDED from src\main\AndroidManifest.xml:79:13-72
	android:launchMode
		ADDED from src\main\AndroidManifest.xml:80:13-44
	android:windowSoftInputMode
		ADDED from src\main\AndroidManifest.xml:81:13-52
	android:configChanges
		ADDED from src\main\AndroidManifest.xml:78:13-83
	android:name
		ADDED from src\main\AndroidManifest.xml:77:13-58
intent-filter#android.intent.action.SEND+android.intent.category.DEFAULT
ADDED from src\main\AndroidManifest.xml:83:13-87:29
action#android.intent.action.SEND
ADDED from src\main\AndroidManifest.xml:84:17-69
	android:name
		ADDED from src\main\AndroidManifest.xml:84:25-66
category#android.intent.category.DEFAULT
ADDED from src\main\AndroidManifest.xml:85:17-76
	android:name
		ADDED from src\main\AndroidManifest.xml:85:27-73
data
ADDED from src\main\AndroidManifest.xml:86:17-52
	android:mimeType
		ADDED from src\main\AndroidManifest.xml:86:23-49
intent-filter#android.intent.action.SEND_MULTIPLE+android.intent.category.DEFAULT
ADDED from src\main\AndroidManifest.xml:93:13-97:29
action#android.intent.action.SEND_MULTIPLE
ADDED from src\main\AndroidManifest.xml:94:17-78
	android:name
		ADDED from src\main\AndroidManifest.xml:94:25-75
intent-filter#android.intent.action.VIEW+android.intent.category.DEFAULT
ADDED from src\main\AndroidManifest.xml:113:13-117:29
action#android.intent.action.VIEW
ADDED from src\main\AndroidManifest.xml:114:17-69
	android:name
		ADDED from src\main\AndroidManifest.xml:114:25-66
intent-filter#android.intent.action.VIEW+android.intent.category.BROWSABLE+android.intent.category.DEFAULT
ADDED from src\main\AndroidManifest.xml:118:13-130:29
category#android.intent.category.BROWSABLE
ADDED from src\main\AndroidManifest.xml:122:17-78
	android:name
		ADDED from src\main\AndroidManifest.xml:122:27-75
activity#org.telegram.ui.IntroActivity
ADDED from src\main\AndroidManifest.xml:142:9-144:95
	android:configChanges
		ADDED from src\main\AndroidManifest.xml:144:13-83
	android:name
		ADDED from src\main\AndroidManifest.xml:143:13-57
activity#org.telegram.android.ChatHeadActivity
ADDED from src\main\AndroidManifest.xml:146:9-150:20
	android:windowSoftInputMode
		ADDED from src\main\AndroidManifest.xml:148:13-54
	android:theme
		ADDED from src\main\AndroidManifest.xml:149:13-57
	android:name
		ADDED from src\main\AndroidManifest.xml:147:13-65
activity#org.telegram.ui.PopupNotificationActivity
ADDED from src\main\AndroidManifest.xml:151:9-158:79
	android:excludeFromRecents
		ADDED from src\main\AndroidManifest.xml:154:13-46
	android:launchMode
		ADDED from src\main\AndroidManifest.xml:155:13-44
	android:windowSoftInputMode
		ADDED from src\main\AndroidManifest.xml:158:13-67
	android:configChanges
		ADDED from src\main\AndroidManifest.xml:153:13-133
	android:theme
		ADDED from src\main\AndroidManifest.xml:157:13-69
	android:taskAffinity
		ADDED from src\main\AndroidManifest.xml:156:13-36
	android:name
		ADDED from src\main\AndroidManifest.xml:152:13-69
receiver#org.telegram.android.AutoMessageHeardReceiver
ADDED from src\main\AndroidManifest.xml:160:9-164:20
	android:name
		ADDED from src\main\AndroidManifest.xml:160:19-79
intent-filter#org.telegram.messenger.ACTION_MESSAGE_HEARD
ADDED from src\main\AndroidManifest.xml:161:13-163:29
action#org.telegram.messenger.ACTION_MESSAGE_HEARD
ADDED from src\main\AndroidManifest.xml:162:17-86
	android:name
		ADDED from src\main\AndroidManifest.xml:162:25-83
receiver#org.telegram.android.AutoMessageReplyReceiver
ADDED from src\main\AndroidManifest.xml:166:9-170:20
	android:name
		ADDED from src\main\AndroidManifest.xml:166:19-79
intent-filter#org.telegram.messenger.ACTION_MESSAGE_REPLY
ADDED from src\main\AndroidManifest.xml:167:13-169:29
action#org.telegram.messenger.ACTION_MESSAGE_REPLY
ADDED from src\main\AndroidManifest.xml:168:17-86
	android:name
		ADDED from src\main\AndroidManifest.xml:168:25-83
receiver#org.telegram.android.SmsListener
ADDED from src\main\AndroidManifest.xml:172:9-177:20
	android:name
		ADDED from src\main\AndroidManifest.xml:172:19-66
intent-filter#android.provider.Telephony.SMS_RECEIVED
ADDED from src\main\AndroidManifest.xml:173:13-175:29
action#android.provider.Telephony.SMS_RECEIVED
ADDED from src\main\AndroidManifest.xml:174:17-82
	android:name
		ADDED from src\main\AndroidManifest.xml:174:25-79
service#org.telegram.android.AuthenticatorService
ADDED from src\main\AndroidManifest.xml:179:9-188:19
	android:exported
		ADDED from src\main\AndroidManifest.xml:181:13-36
	android:name
		ADDED from src\main\AndroidManifest.xml:180:13-69
intent-filter#android.accounts.AccountAuthenticator
ADDED from src\main\AndroidManifest.xml:182:13-184:29
action#android.accounts.AccountAuthenticator
ADDED from src\main\AndroidManifest.xml:183:17-80
	android:name
		ADDED from src\main\AndroidManifest.xml:183:25-77
meta-data#android.accounts.AccountAuthenticator
ADDED from src\main\AndroidManifest.xml:185:13-187:48
	android:resource
		ADDED from src\main\AndroidManifest.xml:187:17-45
	android:name
		ADDED from src\main\AndroidManifest.xml:186:17-69
service#org.telegram.android.ChatHeadService
ADDED from src\main\AndroidManifest.xml:190:9-192:46
	android:enabled
		ADDED from src\main\AndroidManifest.xml:192:13-35
	android:name
		ADDED from src\main\AndroidManifest.xml:191:13-64
service#org.telegram.android.ContactsSyncAdapterService
ADDED from src\main\AndroidManifest.xml:193:9-206:19
	android:exported
		ADDED from src\main\AndroidManifest.xml:195:13-36
	android:name
		ADDED from src\main\AndroidManifest.xml:194:13-75
intent-filter#android.content.SyncAdapter
ADDED from src\main\AndroidManifest.xml:196:13-198:29
action#android.content.SyncAdapter
ADDED from src\main\AndroidManifest.xml:197:17-70
	android:name
		ADDED from src\main\AndroidManifest.xml:197:25-67
meta-data#android.content.SyncAdapter
ADDED from src\main\AndroidManifest.xml:200:13-202:57
	android:resource
		ADDED from src\main\AndroidManifest.xml:202:17-54
	android:name
		ADDED from src\main\AndroidManifest.xml:201:17-59
meta-data#android.provider.CONTACTS_STRUCTURE
ADDED from src\main\AndroidManifest.xml:203:13-205:52
	android:resource
		ADDED from src\main\AndroidManifest.xml:205:17-49
	android:name
		ADDED from src\main\AndroidManifest.xml:204:17-67
service#org.telegram.android.NotificationsService
ADDED from src\main\AndroidManifest.xml:208:9-210:38
	android:enabled
		ADDED from src\main\AndroidManifest.xml:210:13-35
	android:name
		ADDED from src\main\AndroidManifest.xml:209:13-69
service#org.telegram.android.NotificationRepeat
ADDED from src\main\AndroidManifest.xml:211:9-213:40
	android:exported
		ADDED from src\main\AndroidManifest.xml:213:13-37
	android:name
		ADDED from src\main\AndroidManifest.xml:212:13-67
service#org.telegram.android.NotificationDelay
ADDED from src\main\AndroidManifest.xml:214:9-216:40
	android:exported
		ADDED from src\main\AndroidManifest.xml:216:13-37
	android:name
		ADDED from src\main\AndroidManifest.xml:215:13-66
service#org.telegram.android.VideoEncodingService
ADDED from src\main\AndroidManifest.xml:217:9-219:38
	android:enabled
		ADDED from src\main\AndroidManifest.xml:219:13-35
	android:name
		ADDED from src\main\AndroidManifest.xml:218:13-69
receiver#org.telegram.android.AppStartReceiver
ADDED from src\main\AndroidManifest.xml:221:9-228:20
	android:enabled
		ADDED from src\main\AndroidManifest.xml:223:13-35
	android:name
		ADDED from src\main\AndroidManifest.xml:222:13-65
intent-filter#android.intent.action.BOOT_COMPLETED+org.telegram.start
ADDED from src\main\AndroidManifest.xml:224:13-227:29
action#org.telegram.start
ADDED from src\main\AndroidManifest.xml:225:17-61
	android:name
		ADDED from src\main\AndroidManifest.xml:225:25-58
action#android.intent.action.BOOT_COMPLETED
ADDED from src\main\AndroidManifest.xml:226:17-79
	android:name
		ADDED from src\main\AndroidManifest.xml:226:25-76
receiver#org.telegram.android.WearReplyReceiver
ADDED from src\main\AndroidManifest.xml:230:9-232:38
	android:enabled
		ADDED from src\main\AndroidManifest.xml:232:13-35
	android:name
		ADDED from src\main\AndroidManifest.xml:231:13-66
uses-library#com.sec.android.app.multiwindow
ADDED from src\main\AndroidManifest.xml:234:9-236:40
	android:required
		ADDED from src\main\AndroidManifest.xml:236:13-37
	android:name
		ADDED from src\main\AndroidManifest.xml:235:13-59
meta-data#com.sec.android.support.multiwindow
ADDED from src\main\AndroidManifest.xml:238:9-240:36
	android:value
		ADDED from src\main\AndroidManifest.xml:240:13-33
	android:name
		ADDED from src\main\AndroidManifest.xml:239:13-63
meta-data#com.sec.android.multiwindow.DEFAULT_SIZE_W
ADDED from src\main\AndroidManifest.xml:241:9-243:37
	android:value
		ADDED from src\main\AndroidManifest.xml:243:13-34
	android:name
		ADDED from src\main\AndroidManifest.xml:242:13-70
meta-data#com.sec.android.multiwindow.DEFAULT_SIZE_H
ADDED from src\main\AndroidManifest.xml:244:9-246:37
	android:value
		ADDED from src\main\AndroidManifest.xml:246:13-34
	android:name
		ADDED from src\main\AndroidManifest.xml:245:13-70
meta-data#com.sec.android.multiwindow.MINIMUM_SIZE_W
ADDED from src\main\AndroidManifest.xml:247:9-249:37
	android:value
		ADDED from src\main\AndroidManifest.xml:249:13-34
	android:name
		ADDED from src\main\AndroidManifest.xml:248:13-70
meta-data#com.sec.android.multiwindow.MINIMUM_SIZE_H
ADDED from src\main\AndroidManifest.xml:250:9-252:37
	android:value
		ADDED from src\main\AndroidManifest.xml:252:13-34
	android:name
		ADDED from src\main\AndroidManifest.xml:251:13-70
meta-data#com.google.android.gms.car.application
ADDED from src\main\AndroidManifest.xml:254:9-256:59
	android:resource
		ADDED from src\main\AndroidManifest.xml:256:13-56
	android:name
		ADDED from src\main\AndroidManifest.xml:255:13-66
service#com.txusballesteros.bubbles.BubblesService
ADDED from [com.txusballesteros:bubbles:1.2.1] AndroidManifest.xml:39:9-42:40
	android:enabled
		ADDED from [com.txusballesteros:bubbles:1.2.1] AndroidManifest.xml:41:13-35
	android:exported
		ADDED from [com.txusballesteros:bubbles:1.2.1] AndroidManifest.xml:42:13-37
	android:name
		ADDED from [com.txusballesteros:bubbles:1.2.1] AndroidManifest.xml:40:13-70